<?xml version="1.0" encoding="UTF-8"?>
<testsuite xmlns:xsi="http://www.w3.org/2001/XMLSchema-instance" xsi:noNamespaceSchemaLocation="https://maven.apache.org/surefire/maven-surefire-plugin/xsd/surefire-test-report.xsd" version="3.0.2" name="lp2.proyectoindividual.ProyectoindividualApplicationTests" time="12.511" tests="1" errors="0" skipped="0" failures="0" flakes="0">
  <properties>
[...]
</properties>
  <testcase name="contextLoads" classname="lp2.proyectoindividual.ProyectoindividualApplicationTests" time="0.618">
    <system-out><![CDATA[04:51:59.289 [main] INFO org.springframework.test.context.support.AnnotationConfigContextLoaderUtils -- Could not detect default configuration classes for test class [lp2.proyectoindividual.ProyectoindividualApplicationTests]: ProyectoindividualApplicationTests does not declare any static, non-private, non-final, nested classes annotated with @Configuration.
04:51:59.564 [main] INFO org.springframework.boot.test.context.SpringBootTestContextBootstrapper -- Found @SpringBootConfiguration lp2.proyectoindividual.ProyectoindividualApplication for test class lp2.proyectoindividual.ProyectoindividualApplicationTests
04:51:59.794 [main] INFO org.springframework.test.context.support.AnnotationConfigContextLoaderUtils -- Could not detect default configuration classes for test class [lp2.proyectoindividual.ProyectoindividualApplicationTests]: ProyectoindividualApplicationTests does not declare any static, non-private, non-final, nested classes annotated with @Configuration.
04:51:59.799 [main] INFO org.springframework.boot.test.context.SpringBootTestContextBootstrapper -- Found @SpringBootConfiguration lp2.proyectoindividual.ProyectoindividualApplication for test class lp2.proyectoindividual.ProyectoindividualApplicationTests

  .   ____          _            __ _ _
 /\\ / ___'_ __ _ _(_)_ __  __ _ \ \ \ \
( ( )\___ | '_ | '_| | '_ \/ _` | \ \ \ \
 \\/  ___)| |_)| | | | | || (_| |  ) ) ) )
  '  |____| .__|_| |_|_| |_\__, | / / / /
 =========|_|==============|___/=/_/_/_/

 :: Spring Boot ::                (v4.0.7)

2026-07-02T04:52:00.598-05:00  INFO 19936 --- [proyectoindividual] [           main] l.p.ProyectoindividualApplicationTests   : Starting ProyectoindividualApplicationTests using Java 22.0.2 with PID 19936 (started by USUARIO in C:\Users\USUARIO\Documents\proyecto_final)
2026-07-02T04:52:00.600-05:00  INFO 19936 --- [proyectoindividual] [           main] l.p.ProyectoindividualApplicationTests   : No active profile set, falling back to 1 default profile: "default"
2026-07-02T04:52:02.159-05:00  INFO 19936 --- [proyectoindividual] [           main] .s.d.r.c.RepositoryConfigurationDelegate : Bootstrapping Spring Data JPA repositories in DEFAULT mode.
2026-07-02T04:52:02.309-05:00  INFO 19936 --- [proyectoindividual] [           main] .s.d.r.c.RepositoryConfigurationDelegate : Finished Spring Data repository scanning in 123 ms. Found 2 JPA repository interfaces.
2026-07-02T04:52:03.337-05:00  INFO 19936 --- [proyectoindividual] [           main] org.hibernate.orm.jpa                    : HHH008540: Processing PersistenceUnitInfo [name: default]
2026-07-02T04:52:03.444-05:00  INFO 19936 --- [proyectoindividual] [           main] org.hibernate.orm.core                   : HHH000001: Hibernate ORM core version 7.2.19.Final
2026-07-02T04:52:04.570-05:00  INFO 19936 --- [proyectoindividual] [           main] o.s.o.j.p.SpringPersistenceUnitInfo      : No LoadTimeWeaver setup: ignoring JPA class transformer
2026-07-02T04:52:04.635-05:00  INFO 19936 --- [proyectoindividual] [           main] com.zaxxer.hikari.HikariDataSource       : HikariPool-1 - Starting...
2026-07-02T04:52:04.947-05:00  INFO 19936 --- [proyectoindividual] [           main] com.zaxxer.hikari.pool.HikariPool        : HikariPool-1 - Added connection com.mysql.cj.jdbc.ConnectionImpl@49f6c25e
2026-07-02T04:52:04.950-05:00  INFO 19936 --- [proyectoindividual] [           main] com.zaxxer.hikari.HikariDataSource       : HikariPool-1 - Start completed.
2026-07-02T04:52:05.043-05:00  WARN 19936 --- [proyectoindividual] [           main] org.hibernate.orm.core                   : HHH000511: The 5.5.5 version for [org.hibernate.dialect.MySQLDialect] is no longer supported, hence certain features may not work properly.The minimum supported version is 8.0.0. Check the community dialects project for available legacy versions.
2026-07-02T04:52:05.079-05:00  INFO 19936 --- [proyectoindividual] [           main] org.hibernate.orm.connections.pooling    : HHH10001005: Database info:
	Database JDBC URL [jdbc:mysql://localhost:3306/pinexusstreaming?useSSL=false&serverTimezone=America/Lima&allowPublicKeyRetrieval=true]
	Database driver: MySQL Connector/J
	Database dialect: MySQLDialect
	Database version: 5.5.5
	Default catalog/schema: pinexusstreaming/undefined
	Autocommit mode: undefined/unknown
	Isolation level: REPEATABLE_READ [default REPEATABLE_READ]
	JDBC fetch size: none
	Pool: DataSourceConnectionProvider
	Minimum pool size: undefined/unknown
	Maximum pool size: undefined/unknown
2026-07-02T04:52:06.694-05:00  INFO 19936 --- [proyectoindividual] [           main] org.hibernate.orm.core                   : HHH000489: No JTA platform available (set 'hibernate.transaction.jta.platform' to enable JTA platform integration)
2026-07-02T04:52:06.857-05:00  INFO 19936 --- [proyectoindividual] [           main] j.LocalContainerEntityManagerFactoryBean : Initialized JPA EntityManagerFactory for persistence unit 'default'
2026-07-02T04:52:07.065-05:00  INFO 19936 --- [proyectoindividual] [           main] o.s.d.j.r.query.QueryEnhancerFactories   : Hibernate is in classpath; If applicable, HQL parser will be used.
2026-07-02T04:52:07.929-05:00  WARN 19936 --- [proyectoindividual] [           main] JpaBaseConfiguration$JpaWebConfiguration : spring.jpa.open-in-view is enabled by default. Therefore, database queries may be performed during view rendering. Explicitly configure spring.jpa.open-in-view to disable this warning
2026-07-02T04:52:09.228-05:00  INFO 19936 --- [proyectoindividual] [           main] l.p.ProyectoindividualApplicationTests   : Started ProyectoindividualApplicationTests in 9.299 seconds (process running for 11.75)
Hibernate: 
    select
        s1_0.idservicio,
        s1_0.calidad,
        s1_0.categoria,
        s1_0.descripcion,
        s1_0.destacado,
        s1_0.duracion_dias,
        s1_0.estado,
        s1_0.imagen,
        s1_0.nombre,
        s1_0.plataforma,
        s1_0.precio 
    from
        servicios s1_0
Hibernate: 
    select
        s1_0.idservicio,
        s1_0.calidad,
        s1_0.categoria,
        s1_0.descripcion,
        s1_0.destacado,
        s1_0.duracion_dias,
        s1_0.estado,
        s1_0.imagen,
        s1_0.nombre,
        s1_0.plataforma,
        s1_0.precio 
    from
        servicios s1_0 
    where
        s1_0.idservicio=?
Hibernate: 
    update
        servicios 
    set
        calidad=?,
        categoria=?,
        descripcion=?,
        destacado=?,
        duracion_dias=?,
        estado=?,
        imagen=?,
        nombre=?,
        plataforma=?,
        precio=? 
    where
        idservicio=?
Hibernate: 
    select
        s1_0.idservicio,
        s1_0.calidad,
        s1_0.categoria,
        s1_0.descripcion,
        s1_0.destacado,
        s1_0.duracion_dias,
        s1_0.estado,
        s1_0.imagen,
        s1_0.nombre,
        s1_0.plataforma,
        s1_0.precio 
    from
        servicios s1_0 
    where
        s1_0.idservicio=?
Hibernate: 
    update
        servicios 
    set
        calidad=?,
        categoria=?,
        descripcion=?,
        destacado=?,
        duracion_dias=?,
        estado=?,
        imagen=?,
        nombre=?,
        plataforma=?,
        precio=? 
    where
        idservicio=?
Hibernate: 
    select
        s1_0.idservicio,
        s1_0.calidad,
        s1_0.categoria,
        s1_0.descripcion,
        s1_0.destacado,
        s1_0.duracion_dias,
        s1_0.estado,
        s1_0.imagen,
        s1_0.nombre,
        s1_0.plataforma,
        s1_0.precio 
    from
        servicios s1_0 
    where
        s1_0.idservicio=?
Hibernate: 
    update
        servicios 
    set
        calidad=?,
        categoria=?,
        descripcion=?,
        destacado=?,
        duracion_dias=?,
        estado=?,
        imagen=?,
        nombre=?,
        plataforma=?,
        precio=? 
    where
        idservicio=?
Hibernate: 
    select
        s1_0.idservicio,
        s1_0.calidad,
        s1_0.categoria,
        s1_0.descripcion,
        s1_0.destacado,
        s1_0.duracion_dias,
        s1_0.estado,
        s1_0.imagen,
        s1_0.nombre,
        s1_0.plataforma,
        s1_0.precio 
    from
        servicios s1_0 
    where
        s1_0.idservicio=?
Hibernate: 
    update
        servicios 
    set
        calidad=?,
        categoria=?,
        descripcion=?,
        destacado=?,
        duracion_dias=?,
        estado=?,
        imagen=?,
        nombre=?,
        plataforma=?,
        precio=? 
    where
        idservicio=?
Hibernate: 
    select
        s1_0.idservicio,
        s1_0.calidad,
        s1_0.categoria,
        s1_0.descripcion,
        s1_0.destacado,
        s1_0.duracion_dias,
        s1_0.estado,
        s1_0.imagen,
        s1_0.nombre,
        s1_0.plataforma,
        s1_0.precio 
    from
        servicios s1_0 
    where
        s1_0.idservicio=?
Hibernate: 
    update
        servicios 
    set
        calidad=?,
        categoria=?,
        descripcion=?,
        destacado=?,
        duracion_dias=?,
        estado=?,
        imagen=?,
        nombre=?,
        plataforma=?,
        precio=? 
    where
        idservicio=?
Hibernate: 
    select
        s1_0.idservicio,
        s1_0.calidad,
        s1_0.categoria,
        s1_0.descripcion,
        s1_0.destacado,
        s1_0.duracion_dias,
        s1_0.estado,
        s1_0.imagen,
        s1_0.nombre,
        s1_0.plataforma,
        s1_0.precio 
    from
        servicios s1_0 
    where
        s1_0.idservicio=?
Hibernate: 
    update
        servicios 
    set
        calidad=?,
        categoria=?,
        descripcion=?,
        destacado=?,
        duracion_dias=?,
        estado=?,
        imagen=?,
        nombre=?,
        plataforma=?,
        precio=? 
    where
        idservicio=?
Hibernate: 
    select
        s1_0.idservicio,
        s1_0.calidad,
        s1_0.categoria,
        s1_0.descripcion,
        s1_0.destacado,
        s1_0.duracion_dias,
        s1_0.estado,
        s1_0.imagen,
        s1_0.nombre,
        s1_0.plataforma,
        s1_0.precio 
    from
        servicios s1_0 
    where
        s1_0.idservicio=?
Hibernate: 
    update
        servicios 
    set
        calidad=?,
        categoria=?,
        descripcion=?,
        destacado=?,
        duracion_dias=?,
        estado=?,
        imagen=?,
        nombre=?,
        plataforma=?,
        precio=? 
    where
        idservicio=?
Hibernate: 
    select
        s1_0.idservicio,
        s1_0.calidad,
        s1_0.categoria,
        s1_0.descripcion,
        s1_0.destacado,
        s1_0.duracion_dias,
        s1_0.estado,
        s1_0.imagen,
        s1_0.nombre,
        s1_0.plataforma,
        s1_0.precio 
    from
        servicios s1_0 
    where
        s1_0.idservicio=?
Hibernate: 
    update
        servicios 
    set
        calidad=?,
        categoria=?,
        descripcion=?,
        destacado=?,
        duracion_dias=?,
        estado=?,
        imagen=?,
        nombre=?,
        plataforma=?,
        precio=? 
    where
        idservicio=?
Hibernate: 
    select
        s1_0.idservicio,
        s1_0.calidad,
        s1_0.categoria,
        s1_0.descripcion,
        s1_0.destacado,
        s1_0.duracion_dias,
        s1_0.estado,
        s1_0.imagen,
        s1_0.nombre,
        s1_0.plataforma,
        s1_0.precio 
    from
        servicios s1_0 
    where
        s1_0.idservicio=?
Hibernate: 
    update
        servicios 
    set
        calidad=?,
        categoria=?,
        descripcion=?,
        destacado=?,
        duracion_dias=?,
        estado=?,
        imagen=?,
        nombre=?,
        plataforma=?,
        precio=? 
    where
        idservicio=?
Hibernate: 
    select
        s1_0.idservicio,
        s1_0.calidad,
        s1_0.categoria,
        s1_0.descripcion,
        s1_0.destacado,
        s1_0.duracion_dias,
        s1_0.estado,
        s1_0.imagen,
        s1_0.nombre,
        s1_0.plataforma,
        s1_0.precio 
    from
        servicios s1_0 
    where
        s1_0.idservicio=?
Hibernate: 
    update
        servicios 
    set
        calidad=?,
        categoria=?,
        descripcion=?,
        destacado=?,
        duracion_dias=?,
        estado=?,
        imagen=?,
        nombre=?,
        plataforma=?,
        precio=? 
    where
        idservicio=?
Hibernate: 
    select
        s1_0.idservicio,
        s1_0.calidad,
        s1_0.categoria,
        s1_0.descripcion,
        s1_0.destacado,
        s1_0.duracion_dias,
        s1_0.estado,
        s1_0.imagen,
        s1_0.nombre,
        s1_0.plataforma,
        s1_0.precio 
    from
        servicios s1_0 
    where
        s1_0.idservicio=?
Hibernate: 
    update
        servicios 
    set
        calidad=?,
        categoria=?,
        descripcion=?,
        destacado=?,
        duracion_dias=?,
        estado=?,
        imagen=?,
        nombre=?,
        plataforma=?,
        precio=? 
    where
        idservicio=?
Hibernate: 
    select
        s1_0.idservicio,
        s1_0.calidad,
        s1_0.categoria,
        s1_0.descripcion,
        s1_0.destacado,
        s1_0.duracion_dias,
        s1_0.estado,
        s1_0.imagen,
        s1_0.nombre,
        s1_0.plataforma,
        s1_0.precio 
    from
        servicios s1_0 
    where
        s1_0.idservicio=?
Hibernate: 
    update
        servicios 
    set
        calidad=?,
        categoria=?,
        descripcion=?,
        destacado=?,
        duracion_dias=?,
        estado=?,
        imagen=?,
        nombre=?,
        plataforma=?,
        precio=? 
    where
        idservicio=?
Hibernate: 
    select
        s1_0.idservicio 
    from
        servicios s1_0 
    where
        upper(s1_0.nombre)=upper(?) 
    limit
        ?
Hibernate: 
    select
        s1_0.idservicio 
    from
        servicios s1_0 
    where
        upper(s1_0.nombre)=upper(?) 
    limit
        ?
Hibernate: 
    select
        s1_0.idservicio 
    from
        servicios s1_0 
    where
        upper(s1_0.nombre)=upper(?) 
    limit
        ?
Hibernate: 
    select
        s1_0.idservicio 
    from
        servicios s1_0 
    where
        upper(s1_0.nombre)=upper(?) 
    limit
        ?
Hibernate: 
    select
        s1_0.idservicio 
    from
        servicios s1_0 
    where
        upper(s1_0.nombre)=upper(?) 
    limit
        ?
Hibernate: 
    select
        s1_0.idservicio 
    from
        servicios s1_0 
    where
        upper(s1_0.nombre)=upper(?) 
    limit
        ?
]]></system-out>
    <system-err><![CDATA[Mockito is currently self-attaching to enable the inline-mock-maker. This will no longer work in future releases of the JDK. Please add Mockito as an agent to your build as described in Mockito's documentation: https://javadoc.io/doc/org.mockito/mockito-core/latest/org.mockito/org/mockito/Mockito.html#0.3
WARNING: A Java agent has been loaded dynamically (C:\Users\USUARIO\.m2\repository\net\bytebuddy\byte-buddy-agent\1.17.8\byte-buddy-agent-1.17.8.jar)
WARNING: If a serviceability tool is in use, please run with -XX:+EnableDynamicAgentLoading to hide this warning
WARNING: If a serviceability tool is not in use, please run with -Djdk.instrument.traceUsage for more information
WARNING: Dynamic loading of agents will be disallowed by default in a future release
]]></system-err>
  </testcase>
</testsuite>